<?xml version="1.0" encoding="UTF-8"?>
<!-- Generated by org.testng.reporters.JUnitReportReporter -->
<testsuite hostname="LAPTOP-FO269EOH" failures="0" tests="6" name="Tests.Login_Test" time="5.731" errors="0" timestamp="2022-10-13T16:03:17 IST" skipped="0">
  <testcase classname="Tests.Login_Test" name="verifyLoginWithInvalidCredentials" time="0.748"/>
  <system-out/>
  <testcase classname="Tests.Login_Test" name="verifyLoginWithValidCredentials" time="0.945"/>
  <system-out/>
  <testcase classname="Tests.Login_Test" name="verifyLoginWithInvalidEmail" time="1.042"/>
  <system-out/>
  <testcase classname="Tests.Login_Test" name="verifyLoginWithInvalidPassword" time="0.856"/>
  <system-out/>
  <testcase classname="Tests.Login_Test" name="verifyLoginWithWrongEmail" time="1.186"/>
  <system-out/>
  <testcase classname="Tests.Login_Test" name="verifyLoginWithWrongPassword" time="0.954"/>
  <system-out/>
</testsuite> <!-- Tests.Login_Test -->
