<?xml version="1.0" encoding="UTF-8"?>
<!-- Generated by org.testng.reporters.JUnitReportReporter -->
<testsuite hostname="LAPTOP-FO269EOH" failures="0" tests="1" name="Tests.UserRegistration_Test" time="1.288" errors="0" timestamp="2022-10-13T15:05:07 IST" skipped="0">
  <testcase classname="Tests.UserRegistration_Test" name="registerNewUser" time="1.288"/>
  <system-out/>
</testsuite> <!-- Tests.UserRegistration_Test -->
